#
# A fatal error has been detected by the Java Runtime Environment:
#
#  EXCEPTION_ACCESS_VIOLATION (0xc0000005) at pc=0x00007ff9847e8c5b, pid=22304, tid=14360
#
# JRE version: OpenJDK Runtime Environment (13.0.2+8) (build 13.0.2+8)
# Java VM: OpenJDK 64-Bit Server VM (13.0.2+8, mixed mode, sharing, tiered, compressed oops, g1 gc, windows-amd64)
# Problematic frame:
# V  [jvm.dll+0x608c5b]
#
# No core dump will be written. Minidumps are not enabled by default on client versions of Windows
#
# If you would like to submit a bug report, please visit:
#   http://bugreport.java.com/bugreport/crash.jsp
#

---------------  S U M M A R Y ------------

Command Line: -Didea.launcher.port=61743 -Didea.launcher.bin.path=C:\Program Files\JetBrains\IntelliJ IDEA 2019.1.3\bin -Dfile.encoding=UTF-8 com.intellij.rt.execution.application.AppMainV2 Main

Host: Intel(R) Core(TM) i7-9750H CPU @ 2.60GHz, 12 cores, 15G,  Windows 10 , 64 bit Build 18362 (10.0.18362.329)
Time: Tue Feb 11 18:28:12 2020 Eastern Standard Time elapsed time: 2 seconds (0d 0h 0m 2s)

---------------  T H R E A D  ---------------

Current thread (0x000002c40ba53800):  JavaThread "C2 CompilerThread0" daemon [_thread_in_native, id=14360, stack(0x000000ed82000000,0x000000ed82100000)]


Current CompileTask:
C2:   2156  245   !   4       Main::main (418 bytes)

Stack: [0x000000ed82000000,0x000000ed82100000],  sp=0x000000ed820fa4b0,  free space=1001k
Native frames: (J=compiled Java code, j=interpreted, Vv=VM code, C=native code)
V  [jvm.dll+0x608c5b]
V  [jvm.dll+0x53b3be]
V  [jvm.dll+0x53c742]
V  [jvm.dll+0x53ddf4]
V  [jvm.dll+0x53d95d]
V  [jvm.dll+0x53d840]
V  [jvm.dll+0x53d9b4]
V  [jvm.dll+0x5449aa]
V  [jvm.dll+0x20de66]
V  [jvm.dll+0x2075b4]
V  [jvm.dll+0x204d1d]
V  [jvm.dll+0x189c2c]
V  [jvm.dll+0x213e6d]
V  [jvm.dll+0x2120bb]
V  [jvm.dll+0x736bb6]
V  [jvm.dll+0x72fcaa]
V  [jvm.dll+0x623ea6]
C  [ucrtbase.dll+0x20e72]
C  [KERNEL32.DLL+0x17bd4]
C  [ntdll.dll+0x6ced1]


siginfo: EXCEPTION_ACCESS_VIOLATION (0xc0000005), reading address 0x0000000000000020


Register to memory mapping:

RIP=0x00007ff9847e8c5b jvm.dll
RAX=0x0 is NULL
RBX=0x0 is NULL
RCX=0x0 is NULL
RDX=0x0000000000000001 is an unknown value
RSP=0x000000ed820fa4b0 is pointing into the stack for thread: 0x000002c40ba53800
RBP=0x0 is NULL
RSI=0x0 is NULL
RDI=0x0 is NULL
R8 =0x000002c40bc65260 points into unknown readable memory: f8 96 a1 84 f9 7f 00 00
R9 =0x000002c40bc65248 points into unknown readable memory: 60 52 c6 0b c4 02 00 00
R10=0x000002c40bcf7bb0 points into unknown readable memory: 30 96 a1 84 f9 7f 00 00
R11=0x8080808080808080 is an unknown value
R12=0x000002c40bcf7430 points into unknown readable memory: 08 f3 a2 84 f9 7f 00 00
R13=0x000002c40bc3ab90 points into unknown readable memory: 30 96 a1 84 f9 7f 00 00
R14=0x000000ed820fac40 is pointing into the stack for thread: 0x000002c40ba53800
R15=0x000002c40bc3ab90 points into unknown readable memory: 30 96 a1 84 f9 7f 00 00


Registers:
RAX=0x0000000000000000, RBX=0x0000000000000000, RCX=0x0000000000000000, RDX=0x0000000000000001
RSP=0x000000ed820fa4b0, RBP=0x0000000000000000, RSI=0x0000000000000000, RDI=0x0000000000000000
R8 =0x000002c40bc65260, R9 =0x000002c40bc65248, R10=0x000002c40bcf7bb0, R11=0x8080808080808080
R12=0x000002c40bcf7430, R13=0x000002c40bc3ab90, R14=0x000000ed820fac40, R15=0x000002c40bc3ab90
RIP=0x00007ff9847e8c5b, EFLAGS=0x0000000000010246

Top of Stack: (sp=0x000000ed820fa4b0)
0x000000ed820fa4b0:   000002c40bcfa438 00007ff98426859b
0x000000ed820fa4c0:   000002c40bc3abf0 00007ff984371350
0x000000ed820fa4d0:   0000000000000000 00007ff98471b3be
0x000000ed820fa4e0:   000002c40bc65260 000002c40bc65198
0x000000ed820fa4f0:   0000000000000000 00007ff9847d7628
0x000000ed820fa500:   000002c40bcf5d10 000000ed820fac40
0x000000ed820fa510:   0000000000000011 000002c40bc3abf0
0x000000ed820fa520:   000002c40c13d620 000002c40c13d3f8
0x000000ed820fa530:   000002c40bc3abf0 000002c40bc3ace8
0x000000ed820fa540:   0000000000000000 000000ed820fac40
0x000000ed820fa550:   000002c40bcf8cf8 00007ff98471c742
0x000000ed820fa560:   00000000000001c8 000000ed820fac40
0x000000ed820fa570:   000002c40bc3abf0 000002c40bc3ace8
0x000000ed820fa580:   000002c40bb6fad0 000002c40c13d588
0x000000ed820fa590:   000002c4000001c8 000000ed820fa600
0x000000ed820fa5a0:   000002c40bb6fad0 000002c40bba63d8 

Instructions: (pc=0x00007ff9847e8c5b)
0x00007ff9847e8b5b:   cc cc cc cc cc 48 8b 41 08 4c 8b c9 44 8b da 4e
0x00007ff9847e8b6b:   8b 14 d8 4d 85 d2 74 33 49 8b 52 10 48 85 d2 74
0x00007ff9847e8b7b:   1f 41 8b 4a 20 48 8d 04 ca 4c 39 48 f8 48 8d 40
0x00007ff9847e8b8b:   f8 75 f6 ff c9 41 89 4a 20 48 8b 14 ca 48 89 10
0x00007ff9847e8b9b:   41 8b d3 49 8b c9 e9 2a dc ff ff c3 cc cc cc cc
0x00007ff9847e8bab:   cc cc cc cc cc 8b 15 de cb 4b 00 65 48 8b 04 25
0x00007ff9847e8bbb:   58 00 00 00 41 b8 08 00 00 00 48 8b 04 d0 4a 8b
0x00007ff9847e8bcb:   14 00 48 8b 82 a8 04 00 00 48 8b 90 88 00 00 00
0x00007ff9847e8bdb:   48 3b 8a 50 02 00 00 75 0b 33 c0 48 89 41 20 48
0x00007ff9847e8beb:   89 41 10 c3 48 83 79 10 00 75 08 48 c7 41 10 ff
0x00007ff9847e8bfb:   ff ff ff c3 cc 0f b6 41 2c 24 1f 3c 14 75 2d 66
0x00007ff9847e8c0b:   0f 1f 44 00 00 83 79 18 02 75 21 0f b6 41 2c 24
0x00007ff9847e8c1b:   1f 3c 14 75 17 84 d2 74 06 80 79 38 00 75 0d 48
0x00007ff9847e8c2b:   8b 41 08 48 8b 48 08 48 85 c9 75 d9 48 8b c1 c3
0x00007ff9847e8c3b:   cc cc cc cc cc 48 89 5c 24 08 48 89 6c 24 10 48
0x00007ff9847e8c4b:   89 74 24 18 57 48 83 ec 20 33 ed 48 8b f1 8b dd
0x00007ff9847e8c5b:   39 59 20 76 2b 48 8b 46 10 8b d3 48 8b 3c d0 48
0x00007ff9847e8c6b:   8b cf 48 8b 07 ff 50 10 84 c0 74 0d 48 3b fe 74
0x00007ff9847e8c7b:   08 48 85 ed 75 22 48 8b ef ff c3 3b 5e 20 72 d5
0x00007ff9847e8c8b:   48 8b c5 48 8b 5c 24 30 48 8b 6c 24 38 48 8b 74
0x00007ff9847e8c9b:   24 40 48 83 c4 20 5f c3 33 c0 eb e7 cc cc cc cc
0x00007ff9847e8cab:   cc cc cc cc cc 44 8b 41 18 33 c0 45 85 c0 74 2a
0x00007ff9847e8cbb:   4c 8b 51 10 90 44 8b c8 49 39 14 c2 74 08 ff c0
0x00007ff9847e8ccb:   41 3b c0 72 f0 c3 41 3b c0 73 0f 41 8d 40 ff 89
0x00007ff9847e8cdb:   41 18 49 8b 0c c2 4b 89 0c ca c3 cc cc cc cc cc
0x00007ff9847e8ceb:   cc cc cc cc cc 33 d2 f2 0f 11 49 30 48 8d 05 62
0x00007ff9847e8cfb:   98 27 00 89 51 08 48 89 01 48 8b c1 48 89 51 10
0x00007ff9847e8d0b:   48 89 51 18 48 89 51 20 48 89 51 28 48 89 51 38
0x00007ff9847e8d1b:   48 89 51 40 c3 48 89 5c 24 08 57 48 83 ec 20 33
0x00007ff9847e8d2b:   ff 89 51 40 89 79 08 48 8d 05 07 58 2b 00 48 89
0x00007ff9847e8d3b:   79 10 48 8b d9 48 89 79 18 45 33 c0 48 89 79 20
0x00007ff9847e8d4b:   48 89 79 28 48 89 01 89 79 44 f2 0f 11 51 30 48 


Stack slot to memory mapping:
stack at sp + 0 slots: 0x000002c40bcfa438 points into unknown readable memory: 48 92 a1 84 f9 7f 00 00
stack at sp + 1 slots: 0x00007ff98426859b jvm.dll
stack at sp + 2 slots: 0x000002c40bc3abf0 points into unknown readable memory: 28 06 a3 84 f9 7f 00 00
stack at sp + 3 slots: 0x00007ff984371350 jvm.dll
stack at sp + 4 slots: 0x0 is NULL
stack at sp + 5 slots: 0x00007ff98471b3be jvm.dll
stack at sp + 6 slots: 0x000002c40bc65260 points into unknown readable memory: f8 96 a1 84 f9 7f 00 00
stack at sp + 7 slots: 0x000002c40bc65198 points into unknown readable memory: 98 94 a1 84 f9 7f 00 00


---------------  P R O C E S S  ---------------

Threads class SMR info:
_java_thread_list=0x000002c40bef4d30, length=15, elements={
0x000002c46709f000, 0x000002c40b1b2000, 0x000002c40b1b5000, 0x000002c40ba50800,
0x000002c40ba52800, 0x000002c40ba53800, 0x000002c40ba55000, 0x000002c40ba56000,
0x000002c40bb90000, 0x000002c40bbb8800, 0x000002c40bbf4000, 0x000002c40bc2f000,
0x000002c40bc31800, 0x000002c40bf9d000, 0x000002c40bef5800
}

Java Threads: ( => current thread )
  0x000002c46709f000 JavaThread "main" [_thread_in_Java, id=20492, stack(0x000000ed81500000,0x000000ed81600000)]
  0x000002c40b1b2000 JavaThread "Reference Handler" daemon [_thread_blocked, id=19260, stack(0x000000ed81c00000,0x000000ed81d00000)]
  0x000002c40b1b5000 JavaThread "Finalizer" daemon [_thread_blocked, id=17524, stack(0x000000ed81d00000,0x000000ed81e00000)]
  0x000002c40ba50800 JavaThread "Signal Dispatcher" daemon [_thread_blocked, id=4900, stack(0x000000ed81e00000,0x000000ed81f00000)]
  0x000002c40ba52800 JavaThread "Attach Listener" daemon [_thread_blocked, id=16708, stack(0x000000ed81f00000,0x000000ed82000000)]
=>0x000002c40ba53800 JavaThread "C2 CompilerThread0" daemon [_thread_in_native, id=14360, stack(0x000000ed82000000,0x000000ed82100000)]
  0x000002c40ba55000 JavaThread "C1 CompilerThread0" daemon [_thread_blocked, id=5524, stack(0x000000ed82100000,0x000000ed82200000)]
  0x000002c40ba56000 JavaThread "Sweeper thread" daemon [_thread_blocked, id=11048, stack(0x000000ed82200000,0x000000ed82300000)]
  0x000002c40bb90000 JavaThread "Service Thread" daemon [_thread_blocked, id=9800, stack(0x000000ed82300000,0x000000ed82400000)]
  0x000002c40bbb8800 JavaThread "Common-Cleaner" daemon [_thread_blocked, id=19284, stack(0x000000ed82500000,0x000000ed82600000)]
  0x000002c40bbf4000 JavaThread "Monitor Ctrl-Break" daemon [_thread_in_native, id=9500, stack(0x000000ed82600000,0x000000ed82700000)]
  0x000002c40bc2f000 JavaThread "Thread-0" [_thread_in_Java, id=15412, stack(0x000000ed82700000,0x000000ed82800000)]
  0x000002c40bc31800 JavaThread "Thread-1" [_thread_in_Java, id=21592, stack(0x000000ed82800000,0x000000ed82900000)]
  0x000002c40bf9d000 JavaThread "Thread-2" [_thread_in_Java, id=16456, stack(0x000000ed82900000,0x000000ed82a00000)]
  0x000002c40bef5800 JavaThread "Thread-3" [_thread_in_Java, id=17984, stack(0x000000ed82a00000,0x000000ed82b00000)]

Other Threads:
  0x000002c40b1ae800 VMThread "VM Thread" [stack: 0x000000ed81b00000,0x000000ed81c00000] [id=22476]
  0x000002c40bbaf800 WatcherThread [stack: 0x000000ed82400000,0x000000ed82500000] [id=1880]
  0x000002c46710b000 GCTaskThread "GC Thread#0" [stack: 0x000000ed81600000,0x000000ed81700000] [id=18316]
  0x000002c46712d800 ConcurrentGCThread "G1 Main Marker" [stack: 0x000000ed81700000,0x000000ed81800000] [id=20064]
  0x000002c46712e800 ConcurrentGCThread "G1 Conc#0" [stack: 0x000000ed81800000,0x000000ed81900000] [id=7312]
  0x000002c40b0ab800 ConcurrentGCThread "G1 Refine#0" [stack: 0x000000ed81900000,0x000000ed81a00000] [id=22272]
  0x000002c40b0ac800 ConcurrentGCThread "G1 Young RemSet Sampling" [stack: 0x000000ed81a00000,0x000000ed81b00000] [id=22464]

Threads with active compile tasks:
C2 CompilerThread0     2202  245   !   4       Main::main (418 bytes)

VM state:not at safepoint (normal execution)

VM Mutex/Monitor currently owned by a thread: None

Heap address: 0x0000000701800000, size: 4072 MB, Compressed Oops mode: Zero based, Oop shift amount: 3
Narrow klass base: 0x0000000800000000, Narrow klass shift: 3
Compressed class space size: 1073741824 Address: 0x0000000800b40000

Heap:
 garbage-first heap   total 262144K, used 4096K [0x0000000701800000, 0x0000000800000000)
  region size 1024K, 5 young (5120K), 0 survivors (0K)
 Metaspace       used 1149K, capacity 4638K, committed 4864K, reserved 1056768K
  class space    used 106K, capacity 416K, committed 512K, reserved 1048576K
Heap Regions: E=young(eden), S=young(survivor), O=old, HS=humongous(starts), HC=humongous(continues), CS=collection set, F=free, A=archive, TAMS=top-at-mark-start (previous, next)
|   0|0x0000000701800000, 0x0000000701800000, 0x0000000701900000|  0%| F|  |TAMS 0x0000000701800000, 0x0000000701800000| Untracked 
|   1|0x0000000701900000, 0x0000000701900000, 0x0000000701a00000|  0%| F|  |TAMS 0x0000000701900000, 0x0000000701900000| Untracked 
|   2|0x0000000701a00000, 0x0000000701a00000, 0x0000000701b00000|  0%| F|  |TAMS 0x0000000701a00000, 0x0000000701a00000| Untracked 
|   3|0x0000000701b00000, 0x0000000701b00000, 0x0000000701c00000|  0%| F|  |TAMS 0x0000000701b00000, 0x0000000701b00000| Untracked 
|   4|0x0000000701c00000, 0x0000000701c00000, 0x0000000701d00000|  0%| F|  |TAMS 0x0000000701c00000, 0x0000000701c00000| Untracked 
|   5|0x0000000701d00000, 0x0000000701d00000, 0x0000000701e00000|  0%| F|  |TAMS 0x0000000701d00000, 0x0000000701d00000| Untracked 
|   6|0x0000000701e00000, 0x0000000701e00000, 0x0000000701f00000|  0%| F|  |TAMS 0x0000000701e00000, 0x0000000701e00000| Untracked 
|   7|0x0000000701f00000, 0x0000000701f00000, 0x0000000702000000|  0%| F|  |TAMS 0x0000000701f00000, 0x0000000701f00000| Untracked 
|   8|0x0000000702000000, 0x0000000702000000, 0x0000000702100000|  0%| F|  |TAMS 0x0000000702000000, 0x0000000702000000| Untracked 
|   9|0x0000000702100000, 0x0000000702100000, 0x0000000702200000|  0%| F|  |TAMS 0x0000000702100000, 0x0000000702100000| Untracked 
|  10|0x0000000702200000, 0x0000000702200000, 0x0000000702300000|  0%| F|  |TAMS 0x0000000702200000, 0x0000000702200000| Untracked 
|  11|0x0000000702300000, 0x0000000702300000, 0x0000000702400000|  0%| F|  |TAMS 0x0000000702300000, 0x0000000702300000| Untracked 
|  12|0x0000000702400000, 0x0000000702400000, 0x0000000702500000|  0%| F|  |TAMS 0x0000000702400000, 0x0000000702400000| Untracked 
|  13|0x0000000702500000, 0x0000000702500000, 0x0000000702600000|  0%| F|  |TAMS 0x0000000702500000, 0x0000000702500000| Untracked 
|  14|0x0000000702600000, 0x0000000702600000, 0x0000000702700000|  0%| F|  |TAMS 0x0000000702600000, 0x0000000702600000| Untracked 
|  15|0x0000000702700000, 0x0000000702700000, 0x0000000702800000|  0%| F|  |TAMS 0x0000000702700000, 0x0000000702700000| Untracked 
|  16|0x0000000702800000, 0x0000000702800000, 0x0000000702900000|  0%| F|  |TAMS 0x0000000702800000, 0x0000000702800000| Untracked 
|  17|0x0000000702900000, 0x0000000702900000, 0x0000000702a00000|  0%| F|  |TAMS 0x0000000702900000, 0x0000000702900000| Untracked 
|  18|0x0000000702a00000, 0x0000000702a00000, 0x0000000702b00000|  0%| F|  |TAMS 0x0000000702a00000, 0x0000000702a00000| Untracked 
|  19|0x0000000702b00000, 0x0000000702b00000, 0x0000000702c00000|  0%| F|  |TAMS 0x0000000702b00000, 0x0000000702b00000| Untracked 
|  20|0x0000000702c00000, 0x0000000702c00000, 0x0000000702d00000|  0%| F|  |TAMS 0x0000000702c00000, 0x0000000702c00000| Untracked 
|  21|0x0000000702d00000, 0x0000000702d00000, 0x0000000702e00000|  0%| F|  |TAMS 0x0000000702d00000, 0x0000000702d00000| Untracked 
|  22|0x0000000702e00000, 0x0000000702e00000, 0x0000000702f00000|  0%| F|  |TAMS 0x0000000702e00000, 0x0000000702e00000| Untracked 
|  23|0x0000000702f00000, 0x0000000702f00000, 0x0000000703000000|  0%| F|  |TAMS 0x0000000702f00000, 0x0000000702f00000| Untracked 
|  24|0x0000000703000000, 0x0000000703000000, 0x0000000703100000|  0%| F|  |TAMS 0x0000000703000000, 0x0000000703000000| Untracked 
|  25|0x0000000703100000, 0x0000000703100000, 0x0000000703200000|  0%| F|  |TAMS 0x0000000703100000, 0x0000000703100000| Untracked 
|  26|0x0000000703200000, 0x0000000703200000, 0x0000000703300000|  0%| F|  |TAMS 0x0000000703200000, 0x0000000703200000| Untracked 
|  27|0x0000000703300000, 0x0000000703300000, 0x0000000703400000|  0%| F|  |TAMS 0x0000000703300000, 0x0000000703300000| Untracked 
|  28|0x0000000703400000, 0x0000000703400000, 0x0000000703500000|  0%| F|  |TAMS 0x0000000703400000, 0x0000000703400000| Untracked 
|  29|0x0000000703500000, 0x0000000703500000, 0x0000000703600000|  0%| F|  |TAMS 0x0000000703500000, 0x0000000703500000| Untracked 
|  30|0x0000000703600000, 0x0000000703600000, 0x0000000703700000|  0%| F|  |TAMS 0x0000000703600000, 0x0000000703600000| Untracked 
|  31|0x0000000703700000, 0x0000000703700000, 0x0000000703800000|  0%| F|  |TAMS 0x0000000703700000, 0x0000000703700000| Untracked 
|  32|0x0000000703800000, 0x0000000703800000, 0x0000000703900000|  0%| F|  |TAMS 0x0000000703800000, 0x0000000703800000| Untracked 
|  33|0x0000000703900000, 0x0000000703900000, 0x0000000703a00000|  0%| F|  |TAMS 0x0000000703900000, 0x0000000703900000| Untracked 
|  34|0x0000000703a00000, 0x0000000703a00000, 0x0000000703b00000|  0%| F|  |TAMS 0x0000000703a00000, 0x0000000703a00000| Untracked 
|  35|0x0000000703b00000, 0x0000000703b00000, 0x0000000703c00000|  0%| F|  |TAMS 0x0000000703b00000, 0x0000000703b00000| Untracked 
|  36|0x0000000703c00000, 0x0000000703c00000, 0x0000000703d00000|  0%| F|  |TAMS 0x0000000703c00000, 0x0000000703c00000| Untracked 
|  37|0x0000000703d00000, 0x0000000703d00000, 0x0000000703e00000|  0%| F|  |TAMS 0x0000000703d00000, 0x0000000703d00000| Untracked 
|  38|0x0000000703e00000, 0x0000000703e00000, 0x0000000703f00000|  0%| F|  |TAMS 0x0000000703e00000, 0x0000000703e00000| Untracked 
|  39|0x0000000703f00000, 0x0000000703f00000, 0x0000000704000000|  0%| F|  |TAMS 0x0000000703f00000, 0x0000000703f00000| Untracked 
|  40|0x0000000704000000, 0x0000000704000000, 0x0000000704100000|  0%| F|  |TAMS 0x0000000704000000, 0x0000000704000000| Untracked 
|  41|0x0000000704100000, 0x0000000704100000, 0x0000000704200000|  0%| F|  |TAMS 0x0000000704100000, 0x0000000704100000| Untracked 
|  42|0x0000000704200000, 0x0000000704200000, 0x0000000704300000|  0%| F|  |TAMS 0x0000000704200000, 0x0000000704200000| Untracked 
|  43|0x0000000704300000, 0x0000000704300000, 0x0000000704400000|  0%| F|  |TAMS 0x0000000704300000, 0x0000000704300000| Untracked 
|  44|0x0000000704400000, 0x0000000704400000, 0x0000000704500000|  0%| F|  |TAMS 0x0000000704400000, 0x0000000704400000| Untracked 
|  45|0x0000000704500000, 0x0000000704500000, 0x0000000704600000|  0%| F|  |TAMS 0x0000000704500000, 0x0000000704500000| Untracked 
|  46|0x0000000704600000, 0x0000000704600000, 0x0000000704700000|  0%| F|  |TAMS 0x0000000704600000, 0x0000000704600000| Untracked 
|  47|0x0000000704700000, 0x0000000704700000, 0x0000000704800000|  0%| F|  |TAMS 0x0000000704700000, 0x0000000704700000| Untracked 
|  48|0x0000000704800000, 0x0000000704800000, 0x0000000704900000|  0%| F|  |TAMS 0x0000000704800000, 0x0000000704800000| Untracked 
|  49|0x0000000704900000, 0x0000000704900000, 0x0000000704a00000|  0%| F|  |TAMS 0x0000000704900000, 0x0000000704900000| Untracked 
|  50|0x0000000704a00000, 0x0000000704a00000, 0x0000000704b00000|  0%| F|  |TAMS 0x0000000704a00000, 0x0000000704a00000| Untracked 
|  51|0x0000000704b00000, 0x0000000704b00000, 0x0000000704c00000|  0%| F|  |TAMS 0x0000000704b00000, 0x0000000704b00000| Untracked 
|  52|0x0000000704c00000, 0x0000000704c00000, 0x0000000704d00000|  0%| F|  |TAMS 0x0000000704c00000, 0x0000000704c00000| Untracked 
|  53|0x0000000704d00000, 0x0000000704d00000, 0x0000000704e00000|  0%| F|  |TAMS 0x0000000704d00000, 0x0000000704d00000| Untracked 
|  54|0x0000000704e00000, 0x0000000704e00000, 0x0000000704f00000|  0%| F|  |TAMS 0x0000000704e00000, 0x0000000704e00000| Untracked 
|  55|0x0000000704f00000, 0x0000000704f00000, 0x0000000705000000|  0%| F|  |TAMS 0x0000000704f00000, 0x0000000704f00000| Untracked 
|  56|0x0000000705000000, 0x0000000705000000, 0x0000000705100000|  0%| F|  |TAMS 0x0000000705000000, 0x0000000705000000| Untracked 
|  57|0x0000000705100000, 0x0000000705100000, 0x0000000705200000|  0%| F|  |TAMS 0x0000000705100000, 0x0000000705100000| Untracked 
|  58|0x0000000705200000, 0x0000000705200000, 0x0000000705300000|  0%| F|  |TAMS 0x0000000705200000, 0x0000000705200000| Untracked 
|  59|0x0000000705300000, 0x0000000705300000, 0x0000000705400000|  0%| F|  |TAMS 0x0000000705300000, 0x0000000705300000| Untracked 
|  60|0x0000000705400000, 0x0000000705400000, 0x0000000705500000|  0%| F|  |TAMS 0x0000000705400000, 0x0000000705400000| Untracked 
|  61|0x0000000705500000, 0x0000000705500000, 0x0000000705600000|  0%| F|  |TAMS 0x0000000705500000, 0x0000000705500000| Untracked 
|  62|0x0000000705600000, 0x0000000705600000, 0x0000000705700000|  0%| F|  |TAMS 0x0000000705600000, 0x0000000705600000| Untracked 
|  63|0x0000000705700000, 0x0000000705700000, 0x0000000705800000|  0%| F|  |TAMS 0x0000000705700000, 0x0000000705700000| Untracked 
|  64|0x0000000705800000, 0x0000000705800000, 0x0000000705900000|  0%| F|  |TAMS 0x0000000705800000, 0x0000000705800000| Untracked 
|  65|0x0000000705900000, 0x0000000705900000, 0x0000000705a00000|  0%| F|  |TAMS 0x0000000705900000, 0x0000000705900000| Untracked 
|  66|0x0000000705a00000, 0x0000000705a00000, 0x0000000705b00000|  0%| F|  |TAMS 0x0000000705a00000, 0x0000000705a00000| Untracked 
|  67|0x0000000705b00000, 0x0000000705b00000, 0x0000000705c00000|  0%| F|  |TAMS 0x0000000705b00000, 0x0000000705b00000| Untracked 
|  68|0x0000000705c00000, 0x0000000705c00000, 0x0000000705d00000|  0%| F|  |TAMS 0x0000000705c00000, 0x0000000705c00000| Untracked 
|  69|0x0000000705d00000, 0x0000000705d00000, 0x0000000705e00000|  0%| F|  |TAMS 0x0000000705d00000, 0x0000000705d00000| Untracked 
|  70|0x0000000705e00000, 0x0000000705e00000, 0x0000000705f00000|  0%| F|  |TAMS 0x0000000705e00000, 0x0000000705e00000| Untracked 
|  71|0x0000000705f00000, 0x0000000705f00000, 0x0000000706000000|  0%| F|  |TAMS 0x0000000705f00000, 0x0000000705f00000| Untracked 
|  72|0x0000000706000000, 0x0000000706000000, 0x0000000706100000|  0%| F|  |TAMS 0x0000000706000000, 0x0000000706000000| Untracked 
|  73|0x0000000706100000, 0x0000000706100000, 0x0000000706200000|  0%| F|  |TAMS 0x0000000706100000, 0x0000000706100000| Untracked 
|  74|0x0000000706200000, 0x0000000706200000, 0x0000000706300000|  0%| F|  |TAMS 0x0000000706200000, 0x0000000706200000| Untracked 
|  75|0x0000000706300000, 0x0000000706300000, 0x0000000706400000|  0%| F|  |TAMS 0x0000000706300000, 0x0000000706300000| Untracked 
|  76|0x0000000706400000, 0x0000000706400000, 0x0000000706500000|  0%| F|  |TAMS 0x0000000706400000, 0x0000000706400000| Untracked 
|  77|0x0000000706500000, 0x0000000706500000, 0x0000000706600000|  0%| F|  |TAMS 0x0000000706500000, 0x0000000706500000| Untracked 
|  78|0x0000000706600000, 0x0000000706600000, 0x0000000706700000|  0%| F|  |TAMS 0x0000000706600000, 0x0000000706600000| Untracked 
|  79|0x0000000706700000, 0x0000000706700000, 0x0000000706800000|  0%| F|  |TAMS 0x0000000706700000, 0x0000000706700000| Untracked 
|  80|0x0000000706800000, 0x0000000706800000, 0x0000000706900000|  0%| F|  |TAMS 0x0000000706800000, 0x0000000706800000| Untracked 
|  81|0x0000000706900000, 0x0000000706900000, 0x0000000706a00000|  0%| F|  |TAMS 0x0000000706900000, 0x0000000706900000| Untracked 
|  82|0x0000000706a00000, 0x0000000706a00000, 0x0000000706b00000|  0%| F|  |TAMS 0x0000000706a00000, 0x0000000706a00000| Untracked 
|  83|0x0000000706b00000, 0x0000000706b00000, 0x0000000706c00000|  0%| F|  |TAMS 0x0000000706b00000, 0x0000000706b00000| Untracked 
|  84|0x0000000706c00000, 0x0000000706c00000, 0x0000000706d00000|  0%| F|  |TAMS 0x0000000706c00000, 0x0000000706c00000| Untracked 
|  85|0x0000000706d00000, 0x0000000706d00000, 0x0000000706e00000|  0%| F|  |TAMS 0x0000000706d00000, 0x0000000706d00000| Untracked 
|  86|0x0000000706e00000, 0x0000000706e00000, 0x0000000706f00000|  0%| F|  |TAMS 0x0000000706e00000, 0x0000000706e00000| Untracked 
|  87|0x0000000706f00000, 0x0000000706f00000, 0x0000000707000000|  0%| F|  |TAMS 0x0000000706f00000, 0x0000000706f00000| Untracked 
|  88|0x0000000707000000, 0x0000000707000000, 0x0000000707100000|  0%| F|  |TAMS 0x0000000707000000, 0x0000000707000000| Untracked 
|  89|0x0000000707100000, 0x0000000707100000, 0x0000000707200000|  0%| F|  |TAMS 0x0000000707100000, 0x0000000707100000| Untracked 
|  90|0x0000000707200000, 0x0000000707200000, 0x0000000707300000|  0%| F|  |TAMS 0x0000000707200000, 0x0000000707200000| Untracked 
|  91|0x0000000707300000, 0x0000000707300000, 0x0000000707400000|  0%| F|  |TAMS 0x0000000707300000, 0x0000000707300000| Untracked 
|  92|0x0000000707400000, 0x0000000707400000, 0x0000000707500000|  0%| F|  |TAMS 0x0000000707400000, 0x0000000707400000| Untracked 
|  93|0x0000000707500000, 0x0000000707500000, 0x0000000707600000|  0%| F|  |TAMS 0x0000000707500000, 0x0000000707500000| Untracked 
|  94|0x0000000707600000, 0x0000000707600000, 0x0000000707700000|  0%| F|  |TAMS 0x0000000707600000, 0x0000000707600000| Untracked 
|  95|0x0000000707700000, 0x0000000707700000, 0x0000000707800000|  0%| F|  |TAMS 0x0000000707700000, 0x0000000707700000| Untracked 
|  96|0x0000000707800000, 0x0000000707800000, 0x0000000707900000|  0%| F|  |TAMS 0x0000000707800000, 0x0000000707800000| Untracked 
|  97|0x0000000707900000, 0x0000000707900000, 0x0000000707a00000|  0%| F|  |TAMS 0x0000000707900000, 0x0000000707900000| Untracked 
|  98|0x0000000707a00000, 0x0000000707a00000, 0x0000000707b00000|  0%| F|  |TAMS 0x0000000707a00000, 0x0000000707a00000| Untracked 
|  99|0x0000000707b00000, 0x0000000707b00000, 0x0000000707c00000|  0%| F|  |TAMS 0x0000000707b00000, 0x0000000707b00000| Untracked 
| 100|0x0000000707c00000, 0x0000000707c00000, 0x0000000707d00000|  0%| F|  |TAMS 0x0000000707c00000, 0x0000000707c00000| Untracked 
| 101|0x0000000707d00000, 0x0000000707d00000, 0x0000000707e00000|  0%| F|  |TAMS 0x0000000707d00000, 0x0000000707d00000| Untracked 
| 102|0x0000000707e00000, 0x0000000707e00000, 0x0000000707f00000|  0%| F|  |TAMS 0x0000000707e00000, 0x0000000707e00000| Untracked 
| 103|0x0000000707f00000, 0x0000000707f00000, 0x0000000708000000|  0%| F|  |TAMS 0x0000000707f00000, 0x0000000707f00000| Untracked 
| 104|0x0000000708000000, 0x0000000708000000, 0x0000000708100000|  0%| F|  |TAMS 0x0000000708000000, 0x0000000708000000| Untracked 
| 105|0x0000000708100000, 0x0000000708100000, 0x0000000708200000|  0%| F|  |TAMS 0x0000000708100000, 0x0000000708100000| Untracked 
| 106|0x0000000708200000, 0x0000000708200000, 0x0000000708300000|  0%| F|  |TAMS 0x0000000708200000, 0x0000000708200000| Untracked 
| 107|0x0000000708300000, 0x0000000708300000, 0x0000000708400000|  0%| F|  |TAMS 0x0000000708300000, 0x0000000708300000| Untracked 
| 108|0x0000000708400000, 0x0000000708400000, 0x0000000708500000|  0%| F|  |TAMS 0x0000000708400000, 0x0000000708400000| Untracked 
| 109|0x0000000708500000, 0x0000000708500000, 0x0000000708600000|  0%| F|  |TAMS 0x0000000708500000, 0x0000000708500000| Untracked 
| 110|0x0000000708600000, 0x0000000708600000, 0x0000000708700000|  0%| F|  |TAMS 0x0000000708600000, 0x0000000708600000| Untracked 
| 111|0x0000000708700000, 0x0000000708700000, 0x0000000708800000|  0%| F|  |TAMS 0x0000000708700000, 0x0000000708700000| Untracked 
| 112|0x0000000708800000, 0x0000000708800000, 0x0000000708900000|  0%| F|  |TAMS 0x0000000708800000, 0x0000000708800000| Untracked 
| 113|0x0000000708900000, 0x0000000708900000, 0x0000000708a00000|  0%| F|  |TAMS 0x0000000708900000, 0x0000000708900000| Untracked 
| 114|0x0000000708a00000, 0x0000000708a00000, 0x0000000708b00000|  0%| F|  |TAMS 0x0000000708a00000, 0x0000000708a00000| Untracked 
| 115|0x0000000708b00000, 0x0000000708b00000, 0x0000000708c00000|  0%| F|  |TAMS 0x0000000708b00000, 0x0000000708b00000| Untracked 
| 116|0x0000000708c00000, 0x0000000708c00000, 0x0000000708d00000|  0%| F|  |TAMS 0x0000000708c00000, 0x0000000708c00000| Untracked 
| 117|0x0000000708d00000, 0x0000000708d00000, 0x0000000708e00000|  0%| F|  |TAMS 0x0000000708d00000, 0x0000000708d00000| Untracked 
| 118|0x0000000708e00000, 0x0000000708e00000, 0x0000000708f00000|  0%| F|  |TAMS 0x0000000708e00000, 0x0000000708e00000| Untracked 
| 119|0x0000000708f00000, 0x0000000708f00000, 0x0000000709000000|  0%| F|  |TAMS 0x0000000708f00000, 0x0000000708f00000| Untracked 
| 120|0x0000000709000000, 0x0000000709000000, 0x0000000709100000|  0%| F|  |TAMS 0x0000000709000000, 0x0000000709000000| Untracked 
| 121|0x0000000709100000, 0x0000000709100000, 0x0000000709200000|  0%| F|  |TAMS 0x0000000709100000, 0x0000000709100000| Untracked 
| 122|0x0000000709200000, 0x0000000709200000, 0x0000000709300000|  0%| F|  |TAMS 0x0000000709200000, 0x0000000709200000| Untracked 
| 123|0x0000000709300000, 0x0000000709300000, 0x0000000709400000|  0%| F|  |TAMS 0x0000000709300000, 0x0000000709300000| Untracked 
| 124|0x0000000709400000, 0x0000000709400000, 0x0000000709500000|  0%| F|  |TAMS 0x0000000709400000, 0x0000000709400000| Untracked 
| 125|0x0000000709500000, 0x0000000709500000, 0x0000000709600000|  0%| F|  |TAMS 0x0000000709500000, 0x0000000709500000| Untracked 
| 126|0x0000000709600000, 0x0000000709600000, 0x0000000709700000|  0%| F|  |TAMS 0x0000000709600000, 0x0000000709600000| Untracked 
| 127|0x0000000709700000, 0x0000000709700000, 0x0000000709800000|  0%| F|  |TAMS 0x0000000709700000, 0x0000000709700000| Untracked 
| 128|0x0000000709800000, 0x0000000709800000, 0x0000000709900000|  0%| F|  |TAMS 0x0000000709800000, 0x0000000709800000| Untracked 
| 129|0x0000000709900000, 0x0000000709900000, 0x0000000709a00000|  0%| F|  |TAMS 0x0000000709900000, 0x0000000709900000| Untracked 
| 130|0x0000000709a00000, 0x0000000709a00000, 0x0000000709b00000|  0%| F|  |TAMS 0x0000000709a00000, 0x0000000709a00000| Untracked 
| 131|0x0000000709b00000, 0x0000000709b00000, 0x0000000709c00000|  0%| F|  |TAMS 0x0000000709b00000, 0x0000000709b00000| Untracked 
| 132|0x0000000709c00000, 0x0000000709c00000, 0x0000000709d00000|  0%| F|  |TAMS 0x0000000709c00000, 0x0000000709c00000| Untracked 
| 133|0x0000000709d00000, 0x0000000709d00000, 0x0000000709e00000|  0%| F|  |TAMS 0x0000000709d00000, 0x0000000709d00000| Untracked 
| 134|0x0000000709e00000, 0x0000000709e00000, 0x0000000709f00000|  0%| F|  |TAMS 0x0000000709e00000, 0x0000000709e00000| Untracked 
| 135|0x0000000709f00000, 0x0000000709f00000, 0x000000070a000000|  0%| F|  |TAMS 0x0000000709f00000, 0x0000000709f00000| Untracked 
| 136|0x000000070a000000, 0x000000070a000000, 0x000000070a100000|  0%| F|  |TAMS 0x000000070a000000, 0x000000070a000000| Untracked 
| 137|0x000000070a100000, 0x000000070a100000, 0x000000070a200000|  0%| F|  |TAMS 0x000000070a100000, 0x000000070a100000| Untracked 
| 138|0x000000070a200000, 0x000000070a200000, 0x000000070a300000|  0%| F|  |TAMS 0x000000070a200000, 0x000000070a200000| Untracked 
| 139|0x000000070a300000, 0x000000070a300000, 0x000000070a400000|  0%| F|  |TAMS 0x000000070a300000, 0x000000070a300000| Untracked 
| 140|0x000000070a400000, 0x000000070a400000, 0x000000070a500000|  0%| F|  |TAMS 0x000000070a400000, 0x000000070a400000| Untracked 
| 141|0x000000070a500000, 0x000000070a500000, 0x000000070a600000|  0%| F|  |TAMS 0x000000070a500000, 0x000000070a500000| Untracked 
| 142|0x000000070a600000, 0x000000070a600000, 0x000000070a700000|  0%| F|  |TAMS 0x000000070a600000, 0x000000070a600000| Untracked 
| 143|0x000000070a700000, 0x000000070a700000, 0x000000070a800000|  0%| F|  |TAMS 0x000000070a700000, 0x000000070a700000| Untracked 
| 144|0x000000070a800000, 0x000000070a800000, 0x000000070a900000|  0%| F|  |TAMS 0x000000070a800000, 0x000000070a800000| Untracked 
| 145|0x000000070a900000, 0x000000070a900000, 0x000000070aa00000|  0%| F|  |TAMS 0x000000070a900000, 0x000000070a900000| Untracked 
| 146|0x000000070aa00000, 0x000000070aa00000, 0x000000070ab00000|  0%| F|  |TAMS 0x000000070aa00000, 0x000000070aa00000| Untracked 
| 147|0x000000070ab00000, 0x000000070ab00000, 0x000000070ac00000|  0%| F|  |TAMS 0x000000070ab00000, 0x000000070ab00000| Untracked 
| 148|0x000000070ac00000, 0x000000070ac00000, 0x000000070ad00000|  0%| F|  |TAMS 0x000000070ac00000, 0x000000070ac00000| Untracked 
| 149|0x000000070ad00000, 0x000000070ad00000, 0x000000070ae00000|  0%| F|  |TAMS 0x000000070ad00000, 0x000000070ad00000| Untracked 
| 150|0x000000070ae00000, 0x000000070ae00000, 0x000000070af00000|  0%| F|  |TAMS 0x000000070ae00000, 0x000000070ae00000| Untracked 
| 151|0x000000070af00000, 0x000000070af00000, 0x000000070b000000|  0%| F|  |TAMS 0x000000070af00000, 0x000000070af00000| Untracked 
| 152|0x000000070b000000, 0x000000070b000000, 0x000000070b100000|  0%| F|  |TAMS 0x000000070b000000, 0x000000070b000000| Untracked 
| 153|0x000000070b100000, 0x000000070b100000, 0x000000070b200000|  0%| F|  |TAMS 0x000000070b100000, 0x000000070b100000| Untracked 
| 154|0x000000070b200000, 0x000000070b200000, 0x000000070b300000|  0%| F|  |TAMS 0x000000070b200000, 0x000000070b200000| Untracked 
| 155|0x000000070b300000, 0x000000070b300000, 0x000000070b400000|  0%| F|  |TAMS 0x000000070b300000, 0x000000070b300000| Untracked 
| 156|0x000000070b400000, 0x000000070b400000, 0x000000070b500000|  0%| F|  |TAMS 0x000000070b400000, 0x000000070b400000| Untracked 
| 157|0x000000070b500000, 0x000000070b500000, 0x000000070b600000|  0%| F|  |TAMS 0x000000070b500000, 0x000000070b500000| Untracked 
| 158|0x000000070b600000, 0x000000070b600000, 0x000000070b700000|  0%| F|  |TAMS 0x000000070b600000, 0x000000070b600000| Untracked 
| 159|0x000000070b700000, 0x000000070b700000, 0x000000070b800000|  0%| F|  |TAMS 0x000000070b700000, 0x000000070b700000| Untracked 
| 160|0x000000070b800000, 0x000000070b800000, 0x000000070b900000|  0%| F|  |TAMS 0x000000070b800000, 0x000000070b800000| Untracked 
| 161|0x000000070b900000, 0x000000070b900000, 0x000000070ba00000|  0%| F|  |TAMS 0x000000070b900000, 0x000000070b900000| Untracked 
| 162|0x000000070ba00000, 0x000000070ba00000, 0x000000070bb00000|  0%| F|  |TAMS 0x000000070ba00000, 0x000000070ba00000| Untracked 
| 163|0x000000070bb00000, 0x000000070bb00000, 0x000000070bc00000|  0%| F|  |TAMS 0x000000070bb00000, 0x000000070bb00000| Untracked 
| 164|0x000000070bc00000, 0x000000070bc00000, 0x000000070bd00000|  0%| F|  |TAMS 0x000000070bc00000, 0x000000070bc00000| Untracked 
| 165|0x000000070bd00000, 0x000000070bd00000, 0x000000070be00000|  0%| F|  |TAMS 0x000000070bd00000, 0x000000070bd00000| Untracked 
| 166|0x000000070be00000, 0x000000070be00000, 0x000000070bf00000|  0%| F|  |TAMS 0x000000070be00000, 0x000000070be00000| Untracked 
| 167|0x000000070bf00000, 0x000000070bf00000, 0x000000070c000000|  0%| F|  |TAMS 0x000000070bf00000, 0x000000070bf00000| Untracked 
| 168|0x000000070c000000, 0x000000070c000000, 0x000000070c100000|  0%| F|  |TAMS 0x000000070c000000, 0x000000070c000000| Untracked 
| 169|0x000000070c100000, 0x000000070c100000, 0x000000070c200000|  0%| F|  |TAMS 0x000000070c100000, 0x000000070c100000| Untracked 
| 170|0x000000070c200000, 0x000000070c200000, 0x000000070c300000|  0%| F|  |TAMS 0x000000070c200000, 0x000000070c200000| Untracked 
| 171|0x000000070c300000, 0x000000070c300000, 0x000000070c400000|  0%| F|  |TAMS 0x000000070c300000, 0x000000070c300000| Untracked 
| 172|0x000000070c400000, 0x000000070c400000, 0x000000070c500000|  0%| F|  |TAMS 0x000000070c400000, 0x000000070c400000| Untracked 
| 173|0x000000070c500000, 0x000000070c500000, 0x000000070c600000|  0%| F|  |TAMS 0x000000070c500000, 0x000000070c500000| Untracked 
| 174|0x000000070c600000, 0x000000070c600000, 0x000000070c700000|  0%| F|  |TAMS 0x000000070c600000, 0x000000070c600000| Untracked 
| 175|0x000000070c700000, 0x000000070c700000, 0x000000070c800000|  0%| F|  |TAMS 0x000000070c700000, 0x000000070c700000| Untracked 
| 176|0x000000070c800000, 0x000000070c800000, 0x000000070c900000|  0%| F|  |TAMS 0x000000070c800000, 0x000000070c800000| Untracked 
| 177|0x000000070c900000, 0x000000070c900000, 0x000000070ca00000|  0%| F|  |TAMS 0x000000070c900000, 0x000000070c900000| Untracked 
| 178|0x000000070ca00000, 0x000000070ca00000, 0x000000070cb00000|  0%| F|  |TAMS 0x000000070ca00000, 0x000000070ca00000| Untracked 
| 179|0x000000070cb00000, 0x000000070cb00000, 0x000000070cc00000|  0%| F|  |TAMS 0x000000070cb00000, 0x000000070cb00000| Untracked 
| 180|0x000000070cc00000, 0x000000070cc00000, 0x000000070cd00000|  0%| F|  |TAMS 0x000000070cc00000, 0x000000070cc00000| Untracked 
| 181|0x000000070cd00000, 0x000000070cd00000, 0x000000070ce00000|  0%| F|  |TAMS 0x000000070cd00000, 0x000000070cd00000| Untracked 
| 182|0x000000070ce00000, 0x000000070ce00000, 0x000000070cf00000|  0%| F|  |TAMS 0x000000070ce00000, 0x000000070ce00000| Untracked 
| 183|0x000000070cf00000, 0x000000070cf00000, 0x000000070d000000|  0%| F|  |TAMS 0x000000070cf00000, 0x000000070cf00000| Untracked 
| 184|0x000000070d000000, 0x000000070d000000, 0x000000070d100000|  0%| F|  |TAMS 0x000000070d000000, 0x000000070d000000| Untracked 
| 185|0x000000070d100000, 0x000000070d100000, 0x000000070d200000|  0%| F|  |TAMS 0x000000070d100000, 0x000000070d100000| Untracked 
| 186|0x000000070d200000, 0x000000070d200000, 0x000000070d300000|  0%| F|  |TAMS 0x000000070d200000, 0x000000070d200000| Untracked 
| 187|0x000000070d300000, 0x000000070d300000, 0x000000070d400000|  0%| F|  |TAMS 0x000000070d300000, 0x000000070d300000| Untracked 
| 188|0x000000070d400000, 0x000000070d400000, 0x000000070d500000|  0%| F|  |TAMS 0x000000070d400000, 0x000000070d400000| Untracked 
| 189|0x000000070d500000, 0x000000070d500000, 0x000000070d600000|  0%| F|  |TAMS 0x000000070d500000, 0x000000070d500000| Untracked 
| 190|0x000000070d600000, 0x000000070d600000, 0x000000070d700000|  0%| F|  |TAMS 0x000000070d600000, 0x000000070d600000| Untracked 
| 191|0x000000070d700000, 0x000000070d700000, 0x000000070d800000|  0%| F|  |TAMS 0x000000070d700000, 0x000000070d700000| Untracked 
| 192|0x000000070d800000, 0x000000070d800000, 0x000000070d900000|  0%| F|  |TAMS 0x000000070d800000, 0x000000070d800000| Untracked 
| 193|0x000000070d900000, 0x000000070d900000, 0x000000070da00000|  0%| F|  |TAMS 0x000000070d900000, 0x000000070d900000| Untracked 
| 194|0x000000070da00000, 0x000000070da00000, 0x000000070db00000|  0%| F|  |TAMS 0x000000070da00000, 0x000000070da00000| Untracked 
| 195|0x000000070db00000, 0x000000070db00000, 0x000000070dc00000|  0%| F|  |TAMS 0x000000070db00000, 0x000000070db00000| Untracked 
| 196|0x000000070dc00000, 0x000000070dc00000, 0x000000070dd00000|  0%| F|  |TAMS 0x000000070dc00000, 0x000000070dc00000| Untracked 
| 197|0x000000070dd00000, 0x000000070dd00000, 0x000000070de00000|  0%| F|  |TAMS 0x000000070dd00000, 0x000000070dd00000| Untracked 
| 198|0x000000070de00000, 0x000000070de00000, 0x000000070df00000|  0%| F|  |TAMS 0x000000070de00000, 0x000000070de00000| Untracked 
| 199|0x000000070df00000, 0x000000070df00000, 0x000000070e000000|  0%| F|  |TAMS 0x000000070df00000, 0x000000070df00000| Untracked 
| 200|0x000000070e000000, 0x000000070e000000, 0x000000070e100000|  0%| F|  |TAMS 0x000000070e000000, 0x000000070e000000| Untracked 
| 201|0x000000070e100000, 0x000000070e100000, 0x000000070e200000|  0%| F|  |TAMS 0x000000070e100000, 0x000000070e100000| Untracked 
| 202|0x000000070e200000, 0x000000070e200000, 0x000000070e300000|  0%| F|  |TAMS 0x000000070e200000, 0x000000070e200000| Untracked 
| 203|0x000000070e300000, 0x000000070e300000, 0x000000070e400000|  0%| F|  |TAMS 0x000000070e300000, 0x000000070e300000| Untracked 
| 204|0x000000070e400000, 0x000000070e400000, 0x000000070e500000|  0%| F|  |TAMS 0x000000070e400000, 0x000000070e400000| Untracked 
| 205|0x000000070e500000, 0x000000070e500000, 0x000000070e600000|  0%| F|  |TAMS 0x000000070e500000, 0x000000070e500000| Untracked 
| 206|0x000000070e600000, 0x000000070e600000, 0x000000070e700000|  0%| F|  |TAMS 0x000000070e600000, 0x000000070e600000| Untracked 
| 207|0x000000070e700000, 0x000000070e700000, 0x000000070e800000|  0%| F|  |TAMS 0x000000070e700000, 0x000000070e700000| Untracked 
| 208|0x000000070e800000, 0x000000070e800000, 0x000000070e900000|  0%| F|  |TAMS 0x000000070e800000, 0x000000070e800000| Untracked 
| 209|0x000000070e900000, 0x000000070e900000, 0x000000070ea00000|  0%| F|  |TAMS 0x000000070e900000, 0x000000070e900000| Untracked 
| 210|0x000000070ea00000, 0x000000070ea00000, 0x000000070eb00000|  0%| F|  |TAMS 0x000000070ea00000, 0x000000070ea00000| Untracked 
| 211|0x000000070eb00000, 0x000000070eb00000, 0x000000070ec00000|  0%| F|  |TAMS 0x000000070eb00000, 0x000000070eb00000| Untracked 
| 212|0x000000070ec00000, 0x000000070ec00000, 0x000000070ed00000|  0%| F|  |TAMS 0x000000070ec00000, 0x000000070ec00000| Untracked 
| 213|0x000000070ed00000, 0x000000070ed00000, 0x000000070ee00000|  0%| F|  |TAMS 0x000000070ed00000, 0x000000070ed00000| Untracked 
| 214|0x000000070ee00000, 0x000000070ee00000, 0x000000070ef00000|  0%| F|  |TAMS 0x000000070ee00000, 0x000000070ee00000| Untracked 
| 215|0x000000070ef00000, 0x000000070ef00000, 0x000000070f000000|  0%| F|  |TAMS 0x000000070ef00000, 0x000000070ef00000| Untracked 
| 216|0x000000070f000000, 0x000000070f000000, 0x000000070f100000|  0%| F|  |TAMS 0x000000070f000000, 0x000000070f000000| Untracked 
| 217|0x000000070f100000, 0x000000070f100000, 0x000000070f200000|  0%| F|  |TAMS 0x000000070f100000, 0x000000070f100000| Untracked 
| 218|0x000000070f200000, 0x000000070f200000, 0x000000070f300000|  0%| F|  |TAMS 0x000000070f200000, 0x000000070f200000| Untracked 
| 219|0x000000070f300000, 0x000000070f300000, 0x000000070f400000|  0%| F|  |TAMS 0x000000070f300000, 0x000000070f300000| Untracked 
| 220|0x000000070f400000, 0x000000070f400000, 0x000000070f500000|  0%| F|  |TAMS 0x000000070f400000, 0x000000070f400000| Untracked 
| 221|0x000000070f500000, 0x000000070f500000, 0x000000070f600000|  0%| F|  |TAMS 0x000000070f500000, 0x000000070f500000| Untracked 
| 222|0x000000070f600000, 0x000000070f600000, 0x000000070f700000|  0%| F|  |TAMS 0x000000070f600000, 0x000000070f600000| Untracked 
| 223|0x000000070f700000, 0x000000070f700000, 0x000000070f800000|  0%| F|  |TAMS 0x000000070f700000, 0x000000070f700000| Untracked 
| 224|0x000000070f800000, 0x000000070f800000, 0x000000070f900000|  0%| F|  |TAMS 0x000000070f800000, 0x000000070f800000| Untracked 
| 225|0x000000070f900000, 0x000000070f900000, 0x000000070fa00000|  0%| F|  |TAMS 0x000000070f900000, 0x000000070f900000| Untracked 
| 226|0x000000070fa00000, 0x000000070fa00000, 0x000000070fb00000|  0%| F|  |TAMS 0x000000070fa00000, 0x000000070fa00000| Untracked 
| 227|0x000000070fb00000, 0x000000070fb00000, 0x000000070fc00000|  0%| F|  |TAMS 0x000000070fb00000, 0x000000070fb00000| Untracked 
| 228|0x000000070fc00000, 0x000000070fc00000, 0x000000070fd00000|  0%| F|  |TAMS 0x000000070fc00000, 0x000000070fc00000| Untracked 
| 229|0x000000070fd00000, 0x000000070fd00000, 0x000000070fe00000|  0%| F|  |TAMS 0x000000070fd00000, 0x000000070fd00000| Untracked 
| 230|0x000000070fe00000, 0x000000070fe00000, 0x000000070ff00000|  0%| F|  |TAMS 0x000000070fe00000, 0x000000070fe00000| Untracked 
| 231|0x000000070ff00000, 0x000000070ff00000, 0x0000000710000000|  0%| F|  |TAMS 0x000000070ff00000, 0x000000070ff00000| Untracked 
| 232|0x0000000710000000, 0x0000000710000000, 0x0000000710100000|  0%| F|  |TAMS 0x0000000710000000, 0x0000000710000000| Untracked 
| 233|0x0000000710100000, 0x0000000710100000, 0x0000000710200000|  0%| F|  |TAMS 0x0000000710100000, 0x0000000710100000| Untracked 
| 234|0x0000000710200000, 0x0000000710200000, 0x0000000710300000|  0%| F|  |TAMS 0x0000000710200000, 0x0000000710200000| Untracked 
| 235|0x0000000710300000, 0x0000000710300000, 0x0000000710400000|  0%| F|  |TAMS 0x0000000710300000, 0x0000000710300000| Untracked 
| 236|0x0000000710400000, 0x0000000710400000, 0x0000000710500000|  0%| F|  |TAMS 0x0000000710400000, 0x0000000710400000| Untracked 
| 237|0x0000000710500000, 0x0000000710500000, 0x0000000710600000|  0%| F|  |TAMS 0x0000000710500000, 0x0000000710500000| Untracked 
| 238|0x0000000710600000, 0x0000000710600000, 0x0000000710700000|  0%| F|  |TAMS 0x0000000710600000, 0x0000000710600000| Untracked 
| 239|0x0000000710700000, 0x0000000710700000, 0x0000000710800000|  0%| F|  |TAMS 0x0000000710700000, 0x0000000710700000| Untracked 
| 240|0x0000000710800000, 0x0000000710800000, 0x0000000710900000|  0%| F|  |TAMS 0x0000000710800000, 0x0000000710800000| Untracked 
| 241|0x0000000710900000, 0x0000000710900000, 0x0000000710a00000|  0%| F|  |TAMS 0x0000000710900000, 0x0000000710900000| Untracked 
| 242|0x0000000710a00000, 0x0000000710a00000, 0x0000000710b00000|  0%| F|  |TAMS 0x0000000710a00000, 0x0000000710a00000| Untracked 
| 243|0x0000000710b00000, 0x0000000710b00000, 0x0000000710c00000|  0%| F|  |TAMS 0x0000000710b00000, 0x0000000710b00000| Untracked 
| 244|0x0000000710c00000, 0x0000000710c00000, 0x0000000710d00000|  0%| F|  |TAMS 0x0000000710c00000, 0x0000000710c00000| Untracked 
| 245|0x0000000710d00000, 0x0000000710d00000, 0x0000000710e00000|  0%| F|  |TAMS 0x0000000710d00000, 0x0000000710d00000| Untracked 
| 246|0x0000000710e00000, 0x0000000710e00000, 0x0000000710f00000|  0%| F|  |TAMS 0x0000000710e00000, 0x0000000710e00000| Untracked 
| 247|0x0000000710f00000, 0x0000000710f00000, 0x0000000711000000|  0%| F|  |TAMS 0x0000000710f00000, 0x0000000710f00000| Untracked 
| 248|0x0000000711000000, 0x0000000711000000, 0x0000000711100000|  0%| F|  |TAMS 0x0000000711000000, 0x0000000711000000| Untracked 
| 249|0x0000000711100000, 0x0000000711100000, 0x0000000711200000|  0%| F|  |TAMS 0x0000000711100000, 0x0000000711100000| Untracked 
| 250|0x0000000711200000, 0x0000000711200000, 0x0000000711300000|  0%| F|  |TAMS 0x0000000711200000, 0x0000000711200000| Untracked 
| 251|0x0000000711300000, 0x000000071137b680, 0x0000000711400000| 48%| E|  |TAMS 0x0000000711300000, 0x0000000711300000| Complete 
| 252|0x0000000711400000, 0x0000000711500000, 0x0000000711500000|100%| E|CS|TAMS 0x0000000711400000, 0x0000000711400000| Complete 
| 253|0x0000000711500000, 0x0000000711600000, 0x0000000711600000|100%| E|CS|TAMS 0x0000000711500000, 0x0000000711500000| Complete 
| 254|0x0000000711600000, 0x0000000711700000, 0x0000000711700000|100%| E|CS|TAMS 0x0000000711600000, 0x0000000711600000| Complete 
| 255|0x0000000711700000, 0x0000000711800000, 0x0000000711800000|100%| E|CS|TAMS 0x0000000711700000, 0x0000000711700000| Complete 

Card table byte_map: [0x000002c47f400000,0x000002c47fc00000] _byte_map_base: 0x000002c47bbf4000

Marking Bits (Prev, Next): (CMBitMap*) 0x000002c46710bb78, (CMBitMap*) 0x000002c46710bbb8
 Prev Bits: [0x000002c400800000, 0x000002c4047a0000)
 Next Bits: [0x000002c4047a0000, 0x000002c408740000)

Polling page: 0x000002c464da0000

Metaspace:

Usage:
  Non-class:      4.12 MB capacity,     1.02 MB ( 25%) used,     3.10 MB ( 75%) free+waste,     2.88 KB ( <1%) overhead. 
      Class:    416.00 KB capacity,   106.35 KB ( 26%) used,   307.84 KB ( 74%) free+waste,     1.81 KB ( <1%) overhead. 
       Both:      4.53 MB capacity,     1.12 MB ( 25%) used,     3.40 MB ( 75%) free+waste,     4.69 KB ( <1%) overhead. 

Virtual space:
  Non-class space:        8.00 MB reserved,       4.25 MB ( 53%) committed 
      Class space:        1.00 GB reserved,     512.00 KB ( <1%) committed 
             Both:        1.01 GB reserved,       4.75 MB ( <1%) committed 

Chunk freelists:
   Non-Class:  2.00 KB
       Class:  0 bytes
        Both:  2.00 KB

MaxMetaspaceSize: 17179869184.00 GB
CompressedClassSpaceSize: 1.00 GB

CodeHeap 'non-profiled nmethods': size=120000Kb used=93Kb max_used=93Kb free=119906Kb
 bounds [0x000002c477070000, 0x000002c4772e0000, 0x000002c47e5a0000]
CodeHeap 'profiled nmethods': size=120000Kb used=410Kb max_used=410Kb free=119589Kb
 bounds [0x000002c46fb40000, 0x000002c46fdb0000, 0x000002c477070000]
CodeHeap 'non-nmethods': size=5760Kb used=1144Kb max_used=1171Kb free=4615Kb
 bounds [0x000002c46f5a0000, 0x000002c46f810000, 0x000002c46fb40000]
 total_blobs=959 nmethods=244 adapters=298
 compilation: enabled
              stopped_count=0, restarted_count=0
 full_count=0

Compilation events (20 events):
Event: 1.003 Thread 0x000002c40ba55000 nmethod 235 0x000002c46fb9e510 code [0x000002c46fb9e6c0, 0x000002c46fb9e918]
Event: 1.003 Thread 0x000002c40ba55000  236       3       java.lang.AbstractStringBuilder::newCapacity (55 bytes)
Event: 1.004 Thread 0x000002c40ba55000 nmethod 236 0x000002c46fb9ea10 code [0x000002c46fb9ebc0, 0x000002c46fb9ee70]
Event: 1.004 Thread 0x000002c40ba55000  238       3       java.util.HashMap$HashIterator::nextNode (100 bytes)
Event: 1.004 Thread 0x000002c40ba55000 nmethod 238 0x000002c46fb9ef90 code [0x000002c46fb9f180, 0x000002c46fb9f760]
Event: 1.004 Thread 0x000002c40ba55000  239       3       java.util.concurrent.ConcurrentHashMap::setTabAt (20 bytes)
Event: 1.004 Thread 0x000002c40ba55000 nmethod 239 0x000002c46fb9f910 code [0x000002c46fb9fac0, 0x000002c46fb9fdd8]
Event: 1.004 Thread 0x000002c40ba55000  237       3       java.util.HashMap$HashIterator::hasNext (13 bytes)
Event: 1.004 Thread 0x000002c40ba55000 nmethod 237 0x000002c46fb9fe90 code [0x000002c46fba0040, 0x000002c46fba0218]
Event: 1.005 Thread 0x000002c40ba55000  240       3       java.lang.StringLatin1::inflate (34 bytes)
Event: 1.005 Thread 0x000002c40ba55000 nmethod 240 0x000002c46fba0290 code [0x000002c46fba0440, 0x000002c46fba0698]
Event: 1.087 Thread 0x000002c40ba53800  241       4       java.lang.String::length (11 bytes)
Event: 1.087 Thread 0x000002c40ba53800 nmethod 241 0x000002c477086c10 code [0x000002c477086da0, 0x000002c477086e38]
Event: 1.602 Thread 0x000002c40ba53800  242       4       LockingThread::run (21 bytes)
Event: 1.603 Thread 0x000002c40ba53800 nmethod 242 0x000002c477086f10 code [0x000002c4770870a0, 0x000002c4770871a8]
Event: 2.109 Thread 0x000002c40ba55000  243 % !   3       Main::main @ 409 (418 bytes)
Event: 2.112 Thread 0x000002c40ba55000 nmethod 243% 0x000002c46fba0810 code [0x000002c46fba0f60, 0x000002c46fba51c0]
Event: 2.112 Thread 0x000002c40ba53800  244 % !   4       Main::main @ 409 (418 bytes)
Event: 2.113 Thread 0x000002c40ba53800 nmethod 244% 0x000002c477087310 code [0x000002c4770874a0, 0x000002c477087518]
Event: 2.113 Thread 0x000002c40ba53800  245   !   4       Main::main (418 bytes)

GC Heap History (0 events):
No events

Deoptimization events (20 events):
Event: 2.113 Thread 0x000002c46709f000 DEOPT PACKING pc=0x000002c46fba4d6a sp=0x000000ed815fe520
Event: 2.113 Thread 0x000002c46709f000 DEOPT UNPACKING pc=0x000002c46f5e964e sp=0x000000ed815fdb68 mode 0
Event: 2.113 Thread 0x000002c46709f000 DEOPT PACKING pc=0x000002c46fba4d6a sp=0x000000ed815fe520
Event: 2.113 Thread 0x000002c46709f000 DEOPT UNPACKING pc=0x000002c46f5e964e sp=0x000000ed815fdb68 mode 0
Event: 2.113 Thread 0x000002c46709f000 DEOPT PACKING pc=0x000002c46fba4d6a sp=0x000000ed815fe520
Event: 2.113 Thread 0x000002c46709f000 DEOPT UNPACKING pc=0x000002c46f5e964e sp=0x000000ed815fdb68 mode 0
Event: 2.113 Thread 0x000002c46709f000 DEOPT PACKING pc=0x000002c46fba4d6a sp=0x000000ed815fe520
Event: 2.113 Thread 0x000002c46709f000 DEOPT UNPACKING pc=0x000002c46f5e964e sp=0x000000ed815fdb68 mode 0
Event: 2.113 Thread 0x000002c46709f000 DEOPT PACKING pc=0x000002c46fba4d6a sp=0x000000ed815fe520
Event: 2.113 Thread 0x000002c46709f000 DEOPT UNPACKING pc=0x000002c46f5e964e sp=0x000000ed815fdb68 mode 0
Event: 2.113 Thread 0x000002c46709f000 DEOPT PACKING pc=0x000002c46fba4d6a sp=0x000000ed815fe520
Event: 2.113 Thread 0x000002c46709f000 DEOPT UNPACKING pc=0x000002c46f5e964e sp=0x000000ed815fdb68 mode 0
Event: 2.113 Thread 0x000002c46709f000 DEOPT PACKING pc=0x000002c46fba4d6a sp=0x000000ed815fe520
Event: 2.113 Thread 0x000002c46709f000 DEOPT UNPACKING pc=0x000002c46f5e964e sp=0x000000ed815fdb68 mode 0
Event: 2.113 Thread 0x000002c46709f000 DEOPT PACKING pc=0x000002c46fba4d6a sp=0x000000ed815fe520
Event: 2.113 Thread 0x000002c46709f000 DEOPT UNPACKING pc=0x000002c46f5e964e sp=0x000000ed815fdb68 mode 0
Event: 2.113 Thread 0x000002c46709f000 DEOPT PACKING pc=0x000002c46fba4d6a sp=0x000000ed815fe520
Event: 2.113 Thread 0x000002c46709f000 DEOPT UNPACKING pc=0x000002c46f5e964e sp=0x000000ed815fdb68 mode 0
Event: 2.113 Thread 0x000002c46709f000 DEOPT PACKING pc=0x000002c46fba4d6a sp=0x000000ed815fe520
Event: 2.113 Thread 0x000002c46709f000 DEOPT UNPACKING pc=0x000002c46f5e964e sp=0x000000ed815fdb68 mode 0

Classes unloaded (0 events):
No events

Classes redefined (0 events):
No events

Internal exceptions (1 events):
Event: 0.067 Thread 0x000002c46709f000 Exception <a 'java/lang/NoSuchMethodError'{0x000000071164faf0}: 'int java.lang.invoke.DirectMethodHandle$Holder.invokeSpecialIFC(java.lang.Object, java.lang.Object, int)'> (0x000000071164faf0) 
thrown [t:/workspace/open/src/hotspot/share/interpreter/linkResolver.cpp, line 767]

Events (20 events):
Event: 1.000 Executing VM operation: RevokeBias
Event: 1.000 Executing VM operation: RevokeBias done
Event: 1.000 Executing VM operation: RevokeBias
Event: 1.000 Executing VM operation: RevokeBias done
Event: 1.000 Executing VM operation: RevokeBias
Event: 1.001 Executing VM operation: RevokeBias done
Event: 1.001 loading class sun/util/resources/cldr/TimeZoneNames
Event: 1.001 loading class sun/util/resources/TimeZoneNamesBundle
Event: 1.001 loading class sun/util/resources/OpenListResourceBundle
Event: 1.001 loading class sun/util/resources/OpenListResourceBundle done
Event: 1.001 loading class sun/util/resources/TimeZoneNamesBundle done
Event: 1.001 loading class sun/util/resources/cldr/TimeZoneNames done
Event: 1.001 loading class sun/util/resources/cldr/TimeZoneNames_en
Event: 1.002 loading class sun/util/resources/cldr/TimeZoneNames_en done
Event: 1.002 loading class sun/util/resources/cldr/TimeZoneNames_en_US
Event: 1.002 loading class sun/util/resources/cldr/TimeZoneNames_en_US done
Event: 1.003 loading class java/util/LinkedHashMap$LinkedKeySet
Event: 1.003 loading class java/util/LinkedHashMap$LinkedKeySet done
Event: 1.086 Thread 0x000002c40bf9d000 Thread added: 0x000002c40bf9d000
Event: 1.602 Thread 0x000002c40bef5800 Thread added: 0x000002c40bef5800


Dynamic libraries:
0x00007ff7d6870000 - 0x00007ff7d687d000 	C:\Program Files\Java\jdk-13.0.2\bin\java.exe
0x00007ff9f0f60000 - 0x00007ff9f1150000 	C:\Windows\SYSTEM32\ntdll.dll
0x00007ff9efdc0000 - 0x00007ff9efe72000 	C:\Windows\System32\KERNEL32.DLL
0x00007ff9ee840000 - 0x00007ff9eeae3000 	C:\Windows\System32\KERNELBASE.dll
0x00007ff9eee90000 - 0x00007ff9eef8a000 	C:\Windows\System32\ucrtbase.dll
0x00007ff9e02c0000 - 0x00007ff9e02d5000 	C:\Program Files\Java\jdk-13.0.2\bin\VCRUNTIME140.dll
0x00007ff9dfa90000 - 0x00007ff9dfaa8000 	C:\Program Files\Java\jdk-13.0.2\bin\jli.dll
0x00007ff9efab0000 - 0x00007ff9efc44000 	C:\Windows\System32\USER32.dll
0x00007ff9d6d90000 - 0x00007ff9d7015000 	C:\Windows\WinSxS\amd64_microsoft.windows.common-controls_6595b64144ccf1df_6.0.18362.592_none_e6c0b1911312be02\COMCTL32.dll
0x00007ff9eef90000 - 0x00007ff9eefb1000 	C:\Windows\System32\win32u.dll
0x00007ff9f03c0000 - 0x00007ff9f03e6000 	C:\Windows\System32\GDI32.dll
0x00007ff9f0a10000 - 0x00007ff9f0aae000 	C:\Windows\System32\msvcrt.dll
0x00007ff9edef0000 - 0x00007ff9ee084000 	C:\Windows\System32\gdi32full.dll
0x00007ff9eed90000 - 0x00007ff9eee2e000 	C:\Windows\System32\msvcp_win.dll
0x00007ff9f03f0000 - 0x00007ff9f0726000 	C:\Windows\System32\combase.dll
0x00007ff9f0730000 - 0x00007ff9f0850000 	C:\Windows\System32\RPCRT4.dll
0x00007ff9eecf0000 - 0x00007ff9eed70000 	C:\Windows\System32\bcryptPrimitives.dll
0x00007ff9f0050000 - 0x00007ff9f007e000 	C:\Windows\System32\IMM32.DLL
0x00007ff9b8720000 - 0x00007ff9b87bb000 	C:\Program Files\Java\jdk-13.0.2\bin\msvcp140.dll
0x00007ff9841e0000 - 0x00007ff984d3d000 	C:\Program Files\Java\jdk-13.0.2\bin\server\jvm.dll
0x00007ff9ef930000 - 0x00007ff9ef9d3000 	C:\Windows\System32\ADVAPI32.dll
0x00007ff9f02f0000 - 0x00007ff9f0387000 	C:\Windows\System32\sechost.dll
0x00007ff9ef1c0000 - 0x00007ff9ef1c8000 	C:\Windows\System32\PSAPI.DLL
0x00007ff9d4d90000 - 0x00007ff9d4d99000 	C:\Windows\SYSTEM32\WSOCK32.dll
0x00007ff9ef1d0000 - 0x00007ff9ef23f000 	C:\Windows\System32\WS2_32.dll
0x00007ff9e8340000 - 0x00007ff9e8364000 	C:\Windows\SYSTEM32\WINMM.dll
0x00007ff9e5970000 - 0x00007ff9e597a000 	C:\Windows\SYSTEM32\VERSION.dll
0x00007ff9e7fa0000 - 0x00007ff9e7fcd000 	C:\Windows\SYSTEM32\winmmbase.dll
0x00007ff9eefc0000 - 0x00007ff9ef00a000 	C:\Windows\System32\cfgmgr32.dll
0x00007ff9ede90000 - 0x00007ff9edea1000 	C:\Windows\System32\kernel.appcore.dll
0x00007ff9dfa80000 - 0x00007ff9dfa90000 	C:\Program Files\Java\jdk-13.0.2\bin\verify.dll
0x00007ff9ec770000 - 0x00007ff9ec964000 	C:\Windows\SYSTEM32\DBGHELP.DLL
0x00007ff9d61d0000 - 0x00007ff9d61fa000 	C:\Windows\SYSTEM32\dbgcore.DLL
0x00007ff9d73a0000 - 0x00007ff9d73c6000 	C:\Program Files\Java\jdk-13.0.2\bin\java.dll
0x00007ff9dfa60000 - 0x00007ff9dfa77000 	C:\Program Files\Java\jdk-13.0.2\bin\zip.dll
0x00007ff9df9c0000 - 0x00007ff9df9ca000 	C:\Program Files\Java\jdk-13.0.2\bin\jimage.dll
0x00007ff9ef240000 - 0x00007ff9ef925000 	C:\Windows\System32\SHELL32.dll
0x00007ff9efcb0000 - 0x00007ff9efd59000 	C:\Windows\System32\shcore.dll
0x00007ff9ee0c0000 - 0x00007ff9ee83f000 	C:\Windows\System32\windows.storage.dll
0x00007ff9edeb0000 - 0x00007ff9edecf000 	C:\Windows\System32\profapi.dll
0x00007ff9ede40000 - 0x00007ff9ede8a000 	C:\Windows\System32\powrprof.dll
0x00007ff9ede30000 - 0x00007ff9ede40000 	C:\Windows\System32\UMPDC.dll
0x00007ff9efc50000 - 0x00007ff9efca2000 	C:\Windows\System32\shlwapi.dll
0x00007ff9eed70000 - 0x00007ff9eed87000 	C:\Windows\System32\cryptsp.dll
0x00007ff9d7380000 - 0x00007ff9d7399000 	C:\Program Files\Java\jdk-13.0.2\bin\net.dll
0x00007ff9e5680000 - 0x00007ff9e5770000 	C:\Windows\SYSTEM32\WINHTTP.dll
0x00007ff9ed6a0000 - 0x00007ff9ed707000 	C:\Windows\system32\mswsock.dll
0x00007ff9d7360000 - 0x00007ff9d7373000 	C:\Program Files\Java\jdk-13.0.2\bin\nio.dll
0x00007ff9c8fa0000 - 0x00007ff9c8fba000 	C:\Program Files\JetBrains\IntelliJ IDEA 2019.1.3\bin\breakgen64.dll

dbghelp: loaded successfully - version: 4.0.5 - missing functions: none
symbol engine: initialized successfully - sym options: 0x614 - pdb path: .;C:\Program Files\Java\jdk-13.0.2\bin;C:\Windows\SYSTEM32;C:\Windows\WinSxS\amd64_microsoft.windows.common-controls_6595b64144ccf1df_6.0.18362.592_none_e6c0b1911312be02;C:\Program Files\Java\jdk-13.0.2\bin\server;C:\Program Files\JetBrains\IntelliJ IDEA 2019.1.3\bin

VM Arguments:
jvm_args: -Didea.launcher.port=61743 -Didea.launcher.bin.path=C:\Program Files\JetBrains\IntelliJ IDEA 2019.1.3\bin -Dfile.encoding=UTF-8 
java_command: com.intellij.rt.execution.application.AppMainV2 Main
java_class_path (initial): C:\Users\mrmug\IdeaProjects\MultThreaded\out\production\MultThreaded;C:\Program Files\JetBrains\IntelliJ IDEA 2019.1.3\lib\idea_rt.jar
Launcher Type: SUN_STANDARD

[Global flags]
     intx CICompilerCount                          = 4                                         {product} {ergonomic}
     uint ConcGCThreads                            = 3                                         {product} {ergonomic}
     uint G1ConcRefinementThreads                  = 10                                        {product} {ergonomic}
   size_t G1HeapRegionSize                         = 1048576                                   {product} {ergonomic}
    uintx GCDrainStackTargetSize                   = 64                                        {product} {ergonomic}
   size_t InitialHeapSize                          = 268435456                                 {product} {ergonomic}
   size_t MarkStackSize                            = 4194304                                   {product} {ergonomic}
   size_t MaxHeapSize                              = 4269801472                                {product} {ergonomic}
   size_t MaxNewSize                               = 2561671168                                {product} {ergonomic}
   size_t MinHeapDeltaBytes                        = 1048576                                   {product} {ergonomic}
   size_t MinHeapSize                              = 8388608                                   {product} {ergonomic}
    uintx NonNMethodCodeHeapSize                   = 5839372                                {pd product} {ergonomic}
    uintx NonProfiledCodeHeapSize                  = 122909434                              {pd product} {ergonomic}
    uintx ProfiledCodeHeapSize                     = 122909434                              {pd product} {ergonomic}
    uintx ReservedCodeCacheSize                    = 251658240                              {pd product} {ergonomic}
     bool SegmentedCodeCache                       = true                                      {product} {ergonomic}
   size_t SoftMaxHeapSize                          = 4269801472                             {manageable} {ergonomic}
     bool UseCompressedClassPointers               = true                                 {lp64_product} {ergonomic}
     bool UseCompressedOops                        = true                                 {lp64_product} {ergonomic}
     bool UseG1GC                                  = true                                      {product} {ergonomic}
     bool UseLargePagesIndividualAllocation        = false                                  {pd product} {ergonomic}

Logging:
Log output configuration:
 #0: stdout all=warning uptime,level,tags
 #1: stderr all=off uptime,level,tags

Environment Variables:
PATH=C:\Program Files (x86)\Common Files\Oracle\Java\javapath;C:\Program Files\ImageMagick-7.0.8-Q16;C:\Program Files (x86)\Razer Chroma SDK\bin;C:\Program Files\Razer Chroma SDK\bin;C:\Program Files (x86)\Razer\ChromaBroadcast\bin;C:\Program Files\Razer\ChromaBroadcast\bin;C:\Windows\system32;C:\Windows;C:\Windows\System32\Wbem;C:\Windows\System32\WindowsPowerShell\v1.0\;C:\Windows\System32\OpenSSH\;C:\Program Files (x86)\Intel\Intel(R) Management Engine Components\DAL;C:\Program Files\Intel\Intel(R) Management Engine Components\DAL;C:\Users\Administrator\AppData\Local\Microsoft\WindowsApps;C:\Windows\system32\config\systemprofile\AppData\Local\Microsoft\WindowsApps;C:\Program Files\Common Files\Autodesk Shared\;C:\Program Files\Microsoft SQL Server\120\Tools\Binn\;C:\Program Files\Tesseract-OCR;C:\Program Files\dotnet\;C:\Program Files\Microsoft SQL Server\130\Tools\Binn\;C:\Program Files\ImageMagick-7.0.8-Q16;C:\Program Files\NVIDIA Corporation\NVIDIA NvDLISR;C:\Program Files\Git\cmd;C:\Program Files (x86)\Gpg4win\..\GnuPG\bin;C:\Program Files\nodejs\;C:\Program Files\NVIDIA Corporation\NVIDIA NGX;C:\Program Files\MySQL\MySQL Shell 8.0\bin\;C:\Users\mrmug\AppData\Local\Microsoft\WindowsApps;C:\Users\mrmug\AppData\Local\Google\Cloud SDK\google-cloud-sdk\bin;C:\Users\mrmug\AppData\Roaming\npm;C:\Users\mrmug\AppData\Local\atom\bin;C:\Users\mrmug\AppData\Local\Programs\Microsoft VS Code\bin;C:\Users\mrmug\AppData\Local\Programs\Microsoft VS Code Insiders\bin;C:\Users\mrmug\AppData\Local\GitHubDesktop\bin
USERNAME=mrmug
OS=Windows_NT
PROCESSOR_IDENTIFIER=Intel64 Family 6 Model 158 Stepping 10, GenuineIntel



---------------  S Y S T E M  ---------------

OS: Windows 10 , 64 bit Build 18362 (10.0.18362.329)

CPU:total 12 (initial active 12) (6 cores per cpu, 2 threads per core) family 6 model 158 stepping 10, cmov, cx8, fxsr, mmx, sse, sse2, sse3, ssse3, sse4.1, sse4.2, popcnt, avx, avx2, aes, clmul, erms, 3dnowpref, lzcnt, ht, tsc, tscinvbit, bmi1, bmi2, adx, fma

Memory: 4k page, system-wide physical 16282M (5682M free)
TotalPageFile size 29082M (AvailPageFile size 8105M)
current process WorkingSet (physical memory assigned to process): 43M, peak: 43M
current process commit charge ("private bytes"): 360M, peak: 360M

vm_info: OpenJDK 64-Bit Server VM (13.0.2+8) for windows-amd64 JRE (13.0.2+8), built on Dec 11 2019 09:20:05 by "mach5one" with unknown MS VC++:1916

END.
